[17:25:06] [ServerMain/INFO]: Environment: Environment[accountsHost=https://api.mojang.com, sessionHost=https://sessionserver.mojang.com, servicesHost=https://api.minecraftservices.com, name=PROD]
[17:25:07] [ServerMain/INFO]: Loaded 7 recipes
[17:25:07] [Server thread/INFO]: Starting minecraft server version 1.20.2
[17:25:07] [Server thread/INFO]: Loading properties
[17:25:07] [Server thread/INFO]: This server is running Paper version git-Paper-279 (MC: 1.20.2) (Implementing API version 1.20.2-R0.1-SNAPSHOT) (Git: 274e54b)
[17:25:07] [Server thread/INFO]: Server Ping Player Sample Count: 12
[17:25:07] [Server thread/INFO]: Using 4 threads for Netty based IO
[17:25:07] [Server thread/WARN]: [!] The timings profiler has been enabled but has been scheduled for removal from Paper in the future.
    We recommend installing the spark profiler as a replacement: https://spark.lucko.me/
    For more information please visit: https://github.com/PaperMC/Paper/issues/8948
[17:25:07] [Server thread/INFO]: [ChunkTaskScheduler] Chunk system is using 1 I/O threads, 4 worker threads, and gen parallelism of 4 threads
[17:25:07] [Server thread/INFO]: Default game type: SURVIVAL
[17:25:07] [Server thread/INFO]: Generating keypair
[17:25:08] [Server thread/INFO]: Starting Minecraft server on *:25565
[17:25:08] [Server thread/INFO]: Using epoll channel type
[17:25:08] [Server thread/INFO]: Paper: Using libdeflate (Linux x86_64) compression from Velocity.
[17:25:08] [Server thread/INFO]: Paper: Using OpenSSL 3.0.x (Linux x86_64) cipher from Velocity.
[17:25:08] [Server thread/INFO]: [Skript] Loading server plugin Skript v2.7.2
[17:25:08] [Server thread/INFO]: [SkBee] Loading server plugin SkBee v2.18.4
[17:25:08] [Server thread/INFO]: Server permissions file permissions.yml is empty, ignoring it
[17:25:08] [Server thread/INFO]: Preparing level "creative"
[17:25:08] [Server thread/INFO]: Preparing start region for dimension minecraft:overworld
[17:25:08] [Server thread/INFO]: Time elapsed: 110 ms
[17:25:08] [Server thread/INFO]: Preparing start region for dimension minecraft:the_nether
[17:25:08] [Server thread/INFO]: Time elapsed: 17 ms
[17:25:08] [Server thread/INFO]: Preparing start region for dimension minecraft:the_end
[17:25:08] [Server thread/INFO]: Time elapsed: 14 ms
[17:25:08] [Server thread/INFO]: [Skript] Enabling Skript v2.7.2
[17:25:09] [ForkJoinPool.commonPool-worker-1/INFO]: [Skript] You're currently running the latest stable version of Skript.
[17:25:12] [Server thread/INFO]: [Skript] Loaded 232530 aliases in 3265ms
[17:25:12] [Server thread/INFO]: [Skript]  ~ created by & © Peter Güttinger aka Njol ~
[17:25:12] [Server thread/INFO]: [SkBee] Enabling SkBee v2.18.4
[17:25:12] [Server thread/INFO]: [SkBee] Loading NBTApi...
[17:25:12] [Server thread/INFO]: [SkBee] [NBTAPI] Found Spigot: v1_20_R2! Trying to find NMS support
[17:25:12] [Server thread/INFO]: [SkBee] [NBTAPI] NMS support 'MC1_20_R2' loaded!
[17:25:12] [Server thread/INFO]: [SkBee] Successfully loaded NBTApi!
[17:25:12] [Server thread/INFO]: [SkBee] NBT Elements successfully loaded
[17:25:12] [Server thread/INFO]: [SkBee] Text Component Elements successfully loaded
[17:25:12] [Server thread/INFO]: [SkBee] Advancement Elements successfully loaded
[17:25:12] [Server thread/INFO]: [SkBee] BossBar Elements successfully loaded
[17:25:12] [Server thread/INFO]: [SkBee] Bound Elements successfully loaded
[17:25:12] [Server thread/INFO]: [SkBee] Display Entity elements successfully loaded
[17:25:12] [Server thread/INFO]: [SkBee] Fishing elements successfully loaded
[17:25:12] [Server thread/INFO]: [SkBee] Game Event Elements successfully loaded
[17:25:12] [Server thread/INFO]: [SkBee] Particle Elements successfully loaded
[17:25:12] [Server thread/INFO]: [SkBee] RayTrace elements successfully loaded
[17:25:12] [Server thread/INFO]: [SkBee] Recipe Elements successfully loaded
[17:25:12] [Server thread/INFO]: [SkBee] Scoreboard Elements successfully loaded
[17:25:12] [Server thread/INFO]: [SkBee] Scoreboard Objective Elements successfully loaded
[17:25:12] [Server thread/INFO]: [SkBee] Statistic Elements successfully loaded
[17:25:12] [Server thread/INFO]: [SkBee] Structure Elements successfully loaded
[17:25:12] [Server thread/INFO]: [SkBee] Minecraft Tag elements successfully loaded
[17:25:12] [Server thread/INFO]: [SkBee] Team Elements successfully loaded
[17:25:12] [Server thread/INFO]: [SkBee] Villager Elements successfully loaded
[17:25:12] [Server thread/INFO]: [SkBee] Virtual Furnace Elements disabled via config
[17:25:12] [Server thread/INFO]: [SkBee] World Border Elements successfully loaded
[17:25:12] [Server thread/INFO]: [SkBee] It looks like another addon registered 'environment' already.
[17:25:12] [Server thread/INFO]: [SkBee] You may have to use their environment options in SkBee's 'world creator' system.
[17:25:12] [Server thread/INFO]: [SkBee] World Creator Elements successfully loaded
[17:25:12] [Server thread/INFO]: [SkBee] Loaded (355) elements:
[17:25:12] [Server thread/INFO]: [SkBee]  - 49 events
[17:25:12] [Server thread/INFO]: [SkBee]  - 52 effects
[17:25:12] [Server thread/INFO]: [SkBee]  - 228 expressions
[17:25:12] [Server thread/INFO]: [SkBee]  - 23 conditions
[17:25:12] [Server thread/INFO]: [SkBee]  - 3 sections
[17:25:12] [Server thread/INFO]: [SkBee] Checking for update...
[17:25:12] [Server thread/INFO]: [SkBee] Plugin is up to date!
[17:25:12] [Server thread/INFO]: [SkBee] Successfully enabled v2.18.4 in 0.31 seconds
[17:25:12] [Server thread/INFO]: Running delayed init tasks
[17:25:13] [Server thread/INFO]: [Skript] Loading variables...
[17:25:13] [Server thread/INFO]: [Skript] Loaded 10020 variables in 0.1 seconds
[17:25:13] [Server thread/INFO]: [Skript] All scripts loaded without errors.
[17:25:13] [Server thread/INFO]: [Skript] Loaded 2 scripts with a total of 5 structures in 0.09 seconds
[17:25:13] [Server thread/INFO]: [Skript] Finished loading.
[17:25:13] [Server thread/INFO]: Done (5.782s)! For help, type "help"
[17:25:13] [Server thread/INFO]: Timings Reset
[17:25:13] [User Authenticator #0/INFO]: UUID of player AverageLoaf is 101a1cf0-3513-4cc1-b2b3-37403c142a7c
[17:25:13] [Server thread/INFO]: AverageLoaf joined the game
[17:25:13] [Server thread/INFO]: AverageLoaf[/195.67.215.236:44505] logged in with entity id 64 at ([creative]-20.94302817058575, 5.503905688681953, 12.648303366521903)
[17:26:11] [User Authenticator #0/INFO]: UUID of player Xyandzaxis is 496e7295-e310-4bb0-a1e2-335675dbdd6c
[17:26:11] [Server thread/INFO]: Xyandzaxis joined the game
[17:26:12] [Server thread/INFO]: Xyandzaxis[/[0:0:0:0:0:0:0:1%0]:53114] logged in with entity id 76 at ([creative]-20.561525913004857, -3.0, 45.778210647521576)
[17:27:36] [User Authenticator #1/INFO]: UUID of player ItsAlven is 0b2db947-3c18-4847-8a3f-18130c31f331
[17:27:36] [Server thread/INFO]: ItsAlven joined the game
[17:27:36] [Server thread/INFO]: ItsAlven[/217.215.73.171:55516] logged in with entity id 78 at ([creative]-38.419641491943516, -3.0, 39.34964088924814)
[17:27:53] [Server thread/INFO]: AverageLoaf issued server command: /effect clear 85976d92-495c-4e2d-9aba-8e306e4b7b9c minecraft:strength
[17:27:53] [Server thread/INFO]: [AverageLoaf: Removed effect Strength from Zombie]
[17:29:08] [Server thread/INFO]: ItsAlven lost connection: Disconnected
[17:29:08] [Server thread/INFO]: ItsAlven left the game
[17:31:31] [Server thread/INFO]: Villager EntityVillager['Librarian'/81, uuid='b9d3746e-937c-461d-b2dd-fc9c05df94af', l='ServerLevel[creative]', x=-20.27, y=-1.67, z=13.50, cpos=[-2, 0], tl=978, v=true] died, message: 'Librarian was slain by Zombie'
[17:36:43] [Server thread/INFO]: Villager EntityVillager['Librarian'/97, uuid='1e4c4119-945d-405e-99ba-02ab696b72cc', l='ServerLevel[creative]', x=-20.27, y=-1.67, z=13.50, cpos=[-2, 0], tl=312, v=true] died, message: 'Librarian was slain by Zombie'
[17:42:33] [Server thread/INFO]: Villager EntityVillager['Librarian'/101, uuid='6f41a55a-c0a1-4265-acf8-3875a8a455b8', l='ServerLevel[creative]', x=-20.27, y=-1.67, z=13.50, cpos=[-2, 0], tl=1319, v=true] died, message: 'Librarian was slain by Zombie'
[17:44:25] [Server thread/INFO]: Xyandzaxis issued server command: /clear
[17:44:25] [Server thread/INFO]: [Xyandzaxis: Removed 13 item(s) from player Xyandzaxis]
[17:44:30] [Server thread/INFO]: Xyandzaxis issued server command: /clear
[17:44:30] [Server thread/INFO]: [Xyandzaxis: Removed 2 item(s) from player Xyandzaxis]
[17:45:07] [Server thread/INFO]: AverageLoaf issued server command: /effect clear 85976d92-495c-4e2d-9aba-8e306e4b7b9c
[17:45:07] [Server thread/INFO]: [AverageLoaf: Removed every effect from Zombie]
[17:46:10] [Server thread/INFO]: Villager EntityVillager['Librarian'/144, uuid='8dbbcea5-6315-4c08-a6a0-5b59775f325c', l='ServerLevel[creative]', x=-20.27, y=-1.67, z=13.50, cpos=[-2, 0], tl=329, v=true] died, message: 'Librarian was slain by Zombie'
[17:46:50] [Server thread/INFO]: Stopping the server
[17:46:50] [Server thread/INFO]: Stopping server
[17:46:50] [Server thread/INFO]: [SkBee] Disabling SkBee v2.18.4
[17:46:50] [Server thread/INFO]: [Skript] Disabling Skript v2.7.2
[17:46:50] [Server thread/INFO]: Saving players
[17:46:50] [Server thread/INFO]: AverageLoaf lost connection: Server closed
[17:46:50] [Server thread/INFO]: AverageLoaf left the game
[17:46:50] [Server thread/INFO]: Xyandzaxis lost connection: Server closed
[17:46:50] [Server thread/INFO]: Xyandzaxis left the game
[17:46:51] [Server thread/INFO]: Saving worlds
[17:46:51] [Server thread/INFO]: Saving chunks for level 'ServerLevel[creative]'/minecraft:overworld
[17:46:51] [Server thread/INFO]: [ChunkHolderManager] Waiting 60s for chunk system to halt for world 'creative'
[17:46:51] [Server thread/INFO]: [ChunkHolderManager] Halted chunk system for world 'creative'
[17:46:51] [Server thread/INFO]: [ChunkHolderManager] Saving all chunkholders for world 'creative'
[17:46:51] [Server thread/INFO]: [ChunkHolderManager] Saved 576 block chunks, 20 entity chunks, 5 poi chunks in world 'creative' in 0.07s
[17:46:51] [Server thread/INFO]: ThreadedAnvilChunkStorage (creative): All chunks are saved
[17:46:51] [Server thread/INFO]: Saving chunks for level 'ServerLevel[creative_nether]'/minecraft:the_nether
[17:46:51] [Server thread/INFO]: [ChunkHolderManager] Waiting 60s for chunk system to halt for world 'creative_nether'
[17:46:51] [Server thread/INFO]: [ChunkHolderManager] Halted chunk system for world 'creative_nether'
[17:46:51] [Server thread/INFO]: [ChunkHolderManager] Saving all chunkholders for world 'creative_nether'
[17:46:51] [Server thread/INFO]: [ChunkHolderManager] Saved 0 block chunks, 23 entity chunks, 0 poi chunks in world 'creative_nether' in 0.00s
[17:46:51] [Server thread/INFO]: ThreadedAnvilChunkStorage (DIM-1): All chunks are saved
[17:46:51] [Server thread/INFO]: Saving chunks for level 'ServerLevel[creative_the_end]'/minecraft:the_end
[17:46:51] [Server thread/INFO]: [ChunkHolderManager] Waiting 60s for chunk system to halt for world 'creative_the_end'
[17:46:51] [Server thread/INFO]: [ChunkHolderManager] Halted chunk system for world 'creative_the_end'
[17:46:51] [Server thread/INFO]: [ChunkHolderManager] Saving all chunkholders for world 'creative_the_end'
[17:46:51] [Server thread/INFO]: [ChunkHolderManager] Saved 0 block chunks, 10 entity chunks, 0 poi chunks in world 'creative_the_end' in 0.00s
[17:46:51] [Server thread/INFO]: ThreadedAnvilChunkStorage (DIM1): All chunks are saved
[17:46:51] [Server thread/INFO]: ThreadedAnvilChunkStorage: All dimensions are saved
[17:46:51] [Server thread/INFO]: Flushing Chunk IO
[17:46:51] [Server thread/INFO]: Closing Thread Pool
[17:46:51] [Server thread/INFO]: Closing Server
